2024-07-21 20:36:39 INFO  LoginPage:67 - Entered username: srujana@p.sandbox
2024-07-21 20:36:39 INFO  LoginPage:73 - Entered password.
2024-07-21 20:36:39 INFO  LoginPage:79 - Clicked login button.
2024-07-21 20:36:40 INFO  LoginPage:96 - Error message displayed: Please enter your password.
2024-07-21 20:36:44 INFO  LoginPage:67 - Entered username: srujana@p.sandbox
2024-07-21 20:36:46 INFO  LoginPage:73 - Entered password.
2024-07-21 20:36:50 INFO  LoginPage:79 - Clicked login button.
2024-07-21 20:36:55 INFO  LoginPage:67 - Entered username: srujana@p.sandbox
2024-07-21 20:36:55 INFO  LoginPage:73 - Entered password.
2024-07-21 20:36:55 INFO  LoginPage:85 - Remember username checkbox selected.
2024-07-21 20:36:58 INFO  LoginPage:79 - Clicked login button.
2024-07-21 20:36:58 INFO  LoginPage:91 - Clicked user menu dropdown.
2024-07-21 20:36:58 INFO  LoginPage:124 - Clicked logout link.
2024-07-21 20:36:59 INFO  LoginPage:130 - Username field value: srujana@p.sandbox
2024-07-21 20:36:59 INFO  LoginPage:102 - Remember username checkbox is checked: true
2024-07-21 20:37:02 INFO  LoginPage:108 - Clicked forgot password link.
2024-07-21 20:37:02 INFO  LoginPage:113 - Entered forgot password username: srujana@p.sandbox
2024-07-21 20:37:03 INFO  LoginPage:119 - Clicked continue button.
2024-07-21 20:38:30 INFO  LoginPage:108 - Clicked forgot password link.
2024-07-21 20:38:31 INFO  LoginPage:113 - Entered forgot password username: srujana@p.sandbox
2024-07-21 20:38:31 INFO  LoginPage:119 - Clicked continue button.
2024-07-21 20:38:31 INFO  LoginPage:137 - Email link validation result: false
2024-07-21 20:41:28 INFO  LoginPage:108 - Clicked forgot password link.
2024-07-21 20:41:28 INFO  LoginPage:113 - Entered forgot password username: srujana@p.sandbox
2024-07-21 20:41:28 INFO  LoginPage:119 - Clicked continue button.
2024-07-21 20:44:40 INFO  LoginPage:67 - Entered username: srujana@p.sandbox
2024-07-21 20:44:41 INFO  LoginPage:73 - Entered password.
2024-07-21 20:44:41 INFO  LoginPage:79 - Clicked login button.
2024-07-21 20:44:41 INFO  LoginPage:96 - Error message displayed: Please enter your password.
2024-07-21 20:44:45 INFO  LoginPage:67 - Entered username: srujana@p.sandbox
2024-07-21 20:44:46 INFO  LoginPage:73 - Entered password.
2024-07-21 20:44:49 INFO  LoginPage:79 - Clicked login button.
2024-07-21 20:44:53 INFO  LoginPage:67 - Entered username: srujana@p.sandbox
2024-07-21 20:44:54 INFO  LoginPage:73 - Entered password.
2024-07-21 20:44:54 INFO  LoginPage:85 - Remember username checkbox selected.
2024-07-21 20:44:54 INFO  LoginPage:79 - Clicked login button.
2024-07-21 20:44:58 INFO  LoginPage:108 - Clicked forgot password link.
2024-07-21 20:44:58 INFO  LoginPage:113 - Entered forgot password username: srujana@p.sandbox
2024-07-21 20:44:59 INFO  LoginPage:119 - Clicked continue button.
2024-07-21 20:47:33 INFO  LoginPage:67 - Entered username: srujana@p.sandbox
2024-07-21 20:47:34 INFO  LoginPage:73 - Entered password.
2024-07-21 20:47:34 INFO  LoginPage:79 - Clicked login button.
2024-07-21 20:47:34 INFO  LoginPage:96 - Error message displayed: Please enter your password.
2024-07-21 20:47:39 INFO  LoginPage:67 - Entered username: srujana@p.sandbox
2024-07-21 20:47:40 INFO  LoginPage:73 - Entered password.
2024-07-21 20:47:43 INFO  LoginPage:79 - Clicked login button.
2024-07-21 20:47:46 INFO  LoginPage:67 - Entered username: srujana@p.sandbox
2024-07-21 20:47:47 INFO  LoginPage:73 - Entered password.
2024-07-21 20:47:47 INFO  LoginPage:85 - Remember username checkbox selected.
2024-07-21 20:47:49 INFO  LoginPage:79 - Clicked login button.
2024-07-21 20:47:50 INFO  LoginPage:91 - Clicked user menu dropdown.
2024-07-21 20:47:50 INFO  LoginPage:124 - Clicked logout link.
2024-07-21 20:47:51 INFO  LoginPage:130 - Username field value: srujana@p.sandbox
2024-07-21 20:47:51 INFO  LoginPage:102 - Remember username checkbox is checked: true
2024-07-21 20:47:55 INFO  LoginPage:108 - Clicked forgot password link.
2024-07-21 20:47:55 INFO  LoginPage:113 - Entered forgot password username: srujana@p.sandbox
2024-07-21 20:47:55 INFO  LoginPage:119 - Clicked continue button.
2024-07-21 20:47:55 INFO  LoginPage:137 - Resend email link href: https://tekarch-7b-dev-ed.develop.my.salesforce.com/secur/forgotpassword.jsp
2024-07-21 20:47:55 INFO  LoginPage:139 - Email link validation result: false
2024-07-21 20:47:55 INFO  LoginPage:112 - Email sent status: false
2024-07-21 20:51:01 INFO  LoginPage:67 - Entered username: srujana@p.sandbox
2024-07-21 20:51:01 INFO  LoginPage:73 - Entered password.
2024-07-21 20:51:02 INFO  LoginPage:79 - Clicked login button.
2024-07-21 20:51:02 INFO  LoginPage:96 - Error message displayed: Please enter your password.
2024-07-21 20:51:06 INFO  LoginPage:67 - Entered username: srujana@p.sandbox
2024-07-21 20:51:07 INFO  LoginPage:73 - Entered password.
2024-07-21 20:51:09 INFO  LoginPage:79 - Clicked login button.
2024-07-21 20:51:13 INFO  LoginPage:67 - Entered username: srujana@p.sandbox
2024-07-21 20:51:14 INFO  LoginPage:73 - Entered password.
2024-07-21 20:51:14 INFO  LoginPage:85 - Remember username checkbox selected.
2024-07-21 20:51:16 INFO  LoginPage:79 - Clicked login button.
2024-07-21 20:51:16 INFO  LoginPage:91 - Clicked user menu dropdown.
2024-07-21 20:51:16 INFO  LoginPage:124 - Clicked logout link.
2024-07-21 20:51:18 INFO  LoginPage:130 - Username field value: srujana@p.sandbox
2024-07-21 20:51:18 INFO  LoginPage:102 - Remember username checkbox is checked: true
2024-07-21 20:51:21 INFO  LoginPage:108 - Clicked forgot password link.
2024-07-21 20:51:22 INFO  LoginPage:113 - Entered forgot password username: srujana@p.sandbox
2024-07-21 20:51:22 INFO  LoginPage:119 - Clicked continue button.
2024-07-21 20:51:22 INFO  LoginPage:136 - Resend email link href: https://tekarch-7b-dev-ed.develop.my.salesforce.com/secur/forgotpassword.jsp
2024-07-21 20:51:22 INFO  LoginPage:138 - Email link validation result: false
2024-07-21 20:51:22 INFO  LoginPage:112 - Email sent status: false
2024-07-21 20:53:06 INFO  LoginPage:67 - Entered username: srujana@p.sandbox
2024-07-21 20:53:06 INFO  LoginPage:73 - Entered password.
2024-07-21 20:53:07 INFO  LoginPage:79 - Clicked login button.
2024-07-21 20:53:07 INFO  LoginPage:96 - Error message displayed: Please enter your password.
2024-07-21 20:53:11 INFO  LoginPage:67 - Entered username: srujana@p.sandbox
2024-07-21 20:53:12 INFO  LoginPage:73 - Entered password.
2024-07-21 20:53:14 INFO  LoginPage:79 - Clicked login button.
2024-07-21 20:53:21 INFO  LoginPage:67 - Entered username: srujana@p.sandbox
2024-07-21 20:53:21 INFO  LoginPage:73 - Entered password.
2024-07-21 20:53:21 INFO  LoginPage:85 - Remember username checkbox selected.
2024-07-21 20:53:24 INFO  LoginPage:79 - Clicked login button.
2024-07-21 20:53:24 INFO  LoginPage:91 - Clicked user menu dropdown.
2024-07-21 20:53:24 INFO  LoginPage:124 - Clicked logout link.
2024-07-21 20:53:26 INFO  LoginPage:130 - Username field value: srujana@p.sandbox
2024-07-21 20:53:26 INFO  LoginPage:102 - Remember username checkbox is checked: true
2024-07-21 20:53:29 INFO  LoginPage:108 - Clicked forgot password link.
2024-07-21 20:53:30 INFO  LoginPage:113 - Entered forgot password username: srujana@p.sandbox
2024-07-21 20:53:30 INFO  LoginPage:119 - Clicked continue button.
2024-07-21 20:53:30 INFO  LoginPage:136 - Resend email link href: https://tekarch-7b-dev-ed.develop.my.salesforce.com/secur/forgotpassword.jsp
2024-07-21 20:53:30 INFO  LoginPage:138 - Email link validation result: false
2024-07-21 20:53:30 INFO  LoginPage:112 - Email sent status: false
2024-07-21 21:09:04 INFO  LoginPage:108 - Clicked forgot password link.
2024-07-21 21:09:04 INFO  LoginPage:113 - Entered forgot password username: srujana@p.sandbox
2024-07-21 21:09:05 INFO  LoginPage:119 - Clicked continue button.
2024-07-21 21:09:05 INFO  LoginPage:136 - Resend email link href: https://tekarch-7b-dev-ed.develop.my.salesforce.com/secur/forgotpassword.jsp
2024-07-21 21:09:05 INFO  LoginPage:138 - Email link validation result: false
2024-07-21 21:09:05 INFO  LoginPage:112 - Email sent status: false
2024-07-21 21:15:53 INFO  LoginPage:108 - Clicked forgot password link.
2024-07-21 21:15:53 INFO  LoginPage:113 - Entered forgot password username: srujana@p.sandbox
2024-07-21 21:15:54 INFO  LoginPage:119 - Clicked continue button.
2024-07-21 21:15:54 INFO  LoginPage:137 - Resend email link href: https://tekarch-7b-dev-ed.develop.my.salesforce.com/secur/forgotpassword.jsp
2024-07-21 21:15:54 INFO  LoginPage:139 - Email link validation result: false
2024-07-21 21:15:54 INFO  LoginPage:112 - Email sent status: false
2024-07-21 21:17:43 INFO  LoginPage:108 - Clicked forgot password link.
2024-07-21 21:17:43 INFO  LoginPage:113 - Entered forgot password username: srujana@p.sandbox
2024-07-21 21:17:43 INFO  LoginPage:119 - Clicked continue button.
2024-07-21 21:17:43 INFO  LoginPage:137 - Resend email link href: https://tekarch-7b-dev-ed.develop.my.salesforce.com/secur/forgotpassword.jsp
2024-07-21 21:17:43 INFO  LoginPage:139 - Email link validation result: false
2024-07-21 21:17:43 INFO  LoginPage:112 - Email sent status: false
2024-07-21 21:30:10 INFO  LoginPage:108 - Clicked forgot password link.
2024-07-21 21:30:10 INFO  LoginPage:113 - Entered forgot password username: srujana@p.sandbox
2024-07-21 21:30:11 INFO  LoginPage:119 - Clicked continue button.
2024-07-21 22:10:26 INFO  LoginPage:22 - Navigated to URL: https://tekarch-7b-dev-ed.develop.my.salesforce.com
2024-07-21 22:12:14 INFO  LoginPage:22 - Navigated to URL: https://tekarch-7b-dev-ed.develop.my.salesforce.com
2024-07-21 23:22:58 INFO  LoginPage:22 - Navigated to URL: https://tekarch-7b-dev-ed.develop.my.salesforce.com
2024-07-21 23:25:31 INFO  LoginPage:22 - Navigated to URL: https://tekarch-7b-dev-ed.develop.my.salesforce.com
2024-07-21 23:25:33 INFO  LoginPage:67 - Entered username: 123
2024-07-21 23:25:33 INFO  LoginPage:137 - Entered invalid username<invalidusername>
2024-07-21 23:25:33 INFO  LoginPage:73 - Entered password.
2024-07-21 23:25:33 INFO  LoginPage:143 - Entered invalid password<invalidpassword>
2024-07-21 23:25:34 INFO  LoginPage:79 - Clicked login button.
2024-07-21 23:25:34 INFO  LoginPage:52 - Clicked on the Login to Salesforce button.
2024-07-21 23:25:36 INFO  LoginPage:96 - Error message displayed: Please check your username and password. If you still can't log in, contact your Salesforce administrator.
2024-07-21 23:25:36 INFO  LoginPage:58 - Error message displayed: Please check your username and password. If you still can't log in, contact your Salesforce administrator.
2024-07-21 23:45:57 INFO  TestListener:14 - Starting test suite: Salesforce Tests
2024-07-21 23:45:59 INFO  TestListener:24 - Starting test: runScenario
2024-07-21 23:46:06 INFO  LoginPage:26 - Navigated to URL: https://tekarch-7b-dev-ed.develop.my.salesforce.com
2024-07-21 23:46:06 INFO  LoginPage:32 - Salesforce application page is displayed.
2024-07-21 23:46:08 INFO  LoginPage:50 - Entered username: srujana@p.sandbox
2024-07-21 23:46:08 INFO  LoginPage:38 - Entered username: <username>
2024-07-21 23:46:08 INFO  LoginPage:56 - Entered password.
2024-07-21 23:46:08 INFO  LoginPage:50 - Cleared the password field.
2024-07-21 23:46:09 INFO  LoginPage:62 - Clicked login button.
2024-07-21 23:46:09 INFO  LoginPage:56 - Clicked on the Login to Salesforce button.
2024-07-21 23:46:09 INFO  LoginPage:74 - Error message displayed: Please enter your password.
2024-07-21 23:46:09 INFO  LoginPage:62 - Error message displayed: Please enter your password.
2024-07-21 23:46:10 INFO  TestListener:29 - Test passed: runScenario
2024-07-21 23:46:10 INFO  TestListener:24 - Starting test: runScenario
2024-07-21 23:46:13 INFO  LoginPage:26 - Navigated to URL: https://tekarch-7b-dev-ed.develop.my.salesforce.com
2024-07-21 23:46:13 INFO  LoginPage:32 - Salesforce application page is displayed.
2024-07-21 23:46:15 INFO  LoginPage:50 - Entered username: srujana@p.sandbox
2024-07-21 23:46:15 INFO  LoginPage:38 - Entered username: <username>
2024-07-21 23:46:15 INFO  LoginPage:56 - Entered password.
2024-07-21 23:46:15 INFO  LoginPage:44 - Entered password.
2024-07-21 23:46:17 INFO  LoginPage:62 - Clicked login button.
2024-07-21 23:46:17 INFO  LoginPage:56 - Clicked on the Login to Salesforce button.
2024-07-21 23:46:17 INFO  LoginPage:68 - Salesforce home page is displayed.
2024-07-21 23:46:18 INFO  TestListener:29 - Test passed: runScenario
2024-07-21 23:46:18 INFO  TestListener:24 - Starting test: runScenario
2024-07-21 23:46:20 INFO  LoginPage:26 - Navigated to URL: https://tekarch-7b-dev-ed.develop.my.salesforce.com
2024-07-21 23:46:20 INFO  LoginPage:32 - Salesforce application page is displayed.
2024-07-21 23:46:21 INFO  LoginPage:50 - Entered username: srujana@p.sandbox
2024-07-21 23:46:21 INFO  LoginPage:38 - Entered username: <username>
2024-07-21 23:46:22 INFO  LoginPage:56 - Entered password.
2024-07-21 23:46:22 INFO  LoginPage:44 - Entered password.
2024-07-21 23:46:22 INFO  LoginPage:68 - Remember username checkbox selected.
2024-07-21 23:46:22 INFO  LoginPage:74 - Selected the remember username checkbox.
2024-07-21 23:46:24 INFO  LoginPage:62 - Clicked login button.
2024-07-21 23:46:24 INFO  LoginPage:56 - Clicked on the Login to Salesforce button.
2024-07-21 23:46:24 INFO  LoginPage:68 - Salesforce home page is displayed.
2024-07-21 23:46:25 ERROR TestListener:34 - Test failed: runScenario
2024-07-21 23:46:25 INFO  TestListener:24 - Starting test: runScenario
2024-07-21 23:46:27 INFO  LoginPage:26 - Navigated to URL: https://tekarch-7b-dev-ed.develop.my.salesforce.com
2024-07-21 23:46:28 INFO  LoginPage:86 - Clicked forgot password link.
2024-07-21 23:46:28 INFO  LoginPage:105 - Clicked on the Forgot Password link.
2024-07-21 23:46:28 INFO  LoginPage:111 - Salesforce forgot password page is displayed.
2024-07-21 23:46:28 ERROR TestListener:34 - Test failed: runScenario
2024-07-21 23:46:28 INFO  TestListener:24 - Starting test: runScenario
2024-07-21 23:46:31 INFO  LoginPage:26 - Navigated to URL: https://tekarch-7b-dev-ed.develop.my.salesforce.com
2024-07-21 23:46:31 INFO  LoginPage:50 - Entered username: 123
2024-07-21 23:46:31 INFO  LoginPage:141 - Entered invalid username<invalidusername>
2024-07-21 23:46:33 INFO  LoginPage:56 - Entered password.
2024-07-21 23:46:33 INFO  LoginPage:147 - Entered invalid password<invalidpassword>
2024-07-21 23:46:33 INFO  LoginPage:62 - Clicked login button.
2024-07-21 23:46:33 INFO  LoginPage:56 - Clicked on the Login to Salesforce button.
2024-07-21 23:46:33 INFO  LoginPage:74 - Error message displayed: Please check your username and password. If you still can't log in, contact your Salesforce administrator.
2024-07-21 23:46:33 INFO  LoginPage:62 - Error message displayed: Please check your username and password. If you still can't log in, contact your Salesforce administrator.
2024-07-21 23:46:34 INFO  TestListener:29 - Test passed: runScenario
2024-07-21 23:46:34 INFO  TestListener:19 - Finished test suite: Salesforce Tests
2024-07-21 23:50:16 INFO  TestListener:14 - Starting test suite: Salesforce Tests
2024-07-21 23:50:17 INFO  TestListener:24 - Starting test: runScenario
2024-07-21 23:50:23 INFO  LoginPage:26 - Navigated to URL: https://tekarch-7b-dev-ed.develop.my.salesforce.com
2024-07-21 23:50:23 INFO  LoginPage:32 - Salesforce application page is displayed.
2024-07-21 23:50:24 INFO  LoginPage:50 - Entered username: srujana@p.sandbox
2024-07-21 23:50:24 INFO  LoginPage:38 - Entered username: <username>
2024-07-21 23:50:25 INFO  LoginPage:56 - Entered password.
2024-07-21 23:50:25 INFO  LoginPage:50 - Cleared the password field.
2024-07-21 23:50:25 INFO  LoginPage:62 - Clicked login button.
2024-07-21 23:50:25 INFO  LoginPage:56 - Clicked on the Login to Salesforce button.
2024-07-21 23:50:26 INFO  LoginPage:74 - Error message displayed: Please enter your password.
2024-07-21 23:50:26 INFO  LoginPage:62 - Error message displayed: Please enter your password.
2024-07-21 23:50:26 INFO  TestListener:29 - Test passed: runScenario
2024-07-21 23:50:26 INFO  TestListener:24 - Starting test: runScenario
2024-07-21 23:50:29 INFO  LoginPage:26 - Navigated to URL: https://tekarch-7b-dev-ed.develop.my.salesforce.com
2024-07-21 23:50:29 INFO  LoginPage:32 - Salesforce application page is displayed.
2024-07-21 23:50:30 INFO  LoginPage:50 - Entered username: srujana@p.sandbox
2024-07-21 23:50:30 INFO  LoginPage:38 - Entered username: <username>
2024-07-21 23:50:31 INFO  LoginPage:56 - Entered password.
2024-07-21 23:50:31 INFO  LoginPage:44 - Entered password.
2024-07-21 23:50:33 INFO  LoginPage:62 - Clicked login button.
2024-07-21 23:50:33 INFO  LoginPage:56 - Clicked on the Login to Salesforce button.
2024-07-21 23:50:33 INFO  LoginPage:68 - Salesforce home page is displayed.
2024-07-21 23:50:34 INFO  TestListener:29 - Test passed: runScenario
2024-07-21 23:50:34 INFO  TestListener:24 - Starting test: runScenario
2024-07-21 23:50:37 INFO  LoginPage:26 - Navigated to URL: https://tekarch-7b-dev-ed.develop.my.salesforce.com
2024-07-21 23:50:37 INFO  LoginPage:32 - Salesforce application page is displayed.
2024-07-21 23:50:37 INFO  LoginPage:50 - Entered username: srujana@p.sandbox
2024-07-21 23:50:37 INFO  LoginPage:38 - Entered username: <username>
2024-07-21 23:50:38 INFO  LoginPage:56 - Entered password.
2024-07-21 23:50:38 INFO  LoginPage:44 - Entered password.
2024-07-21 23:50:39 INFO  LoginPage:68 - Remember username checkbox selected.
2024-07-21 23:50:39 INFO  LoginPage:74 - Selected the remember username checkbox.
2024-07-21 23:50:41 INFO  LoginPage:62 - Clicked login button.
2024-07-21 23:50:41 INFO  LoginPage:56 - Clicked on the Login to Salesforce button.
2024-07-21 23:50:41 INFO  LoginPage:68 - Salesforce home page is displayed.
2024-07-21 23:50:41 ERROR TestListener:34 - Test failed: runScenario
2024-07-21 23:50:41 INFO  TestListener:24 - Starting test: runScenario
2024-07-21 23:50:43 INFO  LoginPage:26 - Navigated to URL: https://tekarch-7b-dev-ed.develop.my.salesforce.com
2024-07-21 23:50:44 INFO  LoginPage:86 - Clicked forgot password link.
2024-07-21 23:50:44 INFO  LoginPage:105 - Clicked on the Forgot Password link.
2024-07-21 23:50:44 INFO  LoginPage:111 - Salesforce forgot password page is displayed.
2024-07-21 23:50:44 ERROR TestListener:34 - Test failed: runScenario
2024-07-21 23:50:44 INFO  TestListener:24 - Starting test: runScenario
2024-07-21 23:50:47 INFO  LoginPage:26 - Navigated to URL: https://tekarch-7b-dev-ed.develop.my.salesforce.com
2024-07-21 23:50:48 INFO  LoginPage:50 - Entered username: 123
2024-07-21 23:50:48 INFO  LoginPage:141 - Entered invalid username<invalidusername>
2024-07-21 23:50:49 INFO  LoginPage:56 - Entered password.
2024-07-21 23:50:49 INFO  LoginPage:147 - Entered invalid password<invalidpassword>
2024-07-21 23:50:49 INFO  LoginPage:62 - Clicked login button.
2024-07-21 23:50:49 INFO  LoginPage:56 - Clicked on the Login to Salesforce button.
2024-07-21 23:50:50 INFO  LoginPage:74 - Error message displayed: Please check your username and password. If you still can't log in, contact your Salesforce administrator.
2024-07-21 23:50:50 INFO  LoginPage:62 - Error message displayed: Please check your username and password. If you still can't log in, contact your Salesforce administrator.
2024-07-21 23:50:50 INFO  TestListener:29 - Test passed: runScenario
2024-07-21 23:50:50 INFO  TestListener:19 - Finished test suite: Salesforce Tests
2024-07-21 23:54:25 INFO  TestListener:14 - Starting test suite: Salesforce Tests
2024-07-21 23:54:26 INFO  TestListener:24 - Starting test: runScenario
2024-07-21 23:54:32 INFO  LoginPage:26 - Navigated to URL: https://tekarch-7b-dev-ed.develop.my.salesforce.com
2024-07-21 23:54:33 INFO  LoginPage:32 - Salesforce application page is displayed.
2024-07-21 23:54:34 INFO  LoginPage:50 - Entered username: srujana@p.sandbox
2024-07-21 23:54:34 INFO  LoginPage:38 - Entered username: <username>
2024-07-21 23:54:34 INFO  LoginPage:56 - Entered password.
2024-07-21 23:54:34 INFO  LoginPage:50 - Cleared the password field.
2024-07-21 23:54:35 INFO  LoginPage:62 - Clicked login button.
2024-07-21 23:54:35 INFO  LoginPage:56 - Clicked on the Login to Salesforce button.
2024-07-21 23:54:36 INFO  LoginPage:74 - Error message displayed: Please enter your password.
2024-07-21 23:54:36 INFO  LoginPage:62 - Error message displayed: Please enter your password.
2024-07-21 23:54:36 INFO  TestListener:29 - Test passed: runScenario
2024-07-21 23:54:36 INFO  TestListener:24 - Starting test: runScenario
2024-07-21 23:54:39 INFO  LoginPage:26 - Navigated to URL: https://tekarch-7b-dev-ed.develop.my.salesforce.com
2024-07-21 23:54:39 INFO  LoginPage:32 - Salesforce application page is displayed.
2024-07-21 23:54:40 INFO  LoginPage:50 - Entered username: srujana@p.sandbox
2024-07-21 23:54:40 INFO  LoginPage:38 - Entered username: <username>
2024-07-21 23:54:41 INFO  LoginPage:56 - Entered password.
2024-07-21 23:54:41 INFO  LoginPage:44 - Entered password.
2024-07-21 23:54:44 INFO  LoginPage:62 - Clicked login button.
2024-07-21 23:54:44 INFO  LoginPage:56 - Clicked on the Login to Salesforce button.
2024-07-21 23:54:44 INFO  LoginPage:68 - Salesforce home page is displayed.
2024-07-21 23:54:44 INFO  TestListener:29 - Test passed: runScenario
2024-07-21 23:54:44 INFO  TestListener:24 - Starting test: runScenario
2024-07-21 23:54:47 INFO  LoginPage:26 - Navigated to URL: https://tekarch-7b-dev-ed.develop.my.salesforce.com
2024-07-21 23:54:47 INFO  LoginPage:32 - Salesforce application page is displayed.
2024-07-21 23:54:48 INFO  LoginPage:50 - Entered username: srujana@p.sandbox
2024-07-21 23:54:48 INFO  LoginPage:38 - Entered username: <username>
2024-07-21 23:54:48 INFO  LoginPage:56 - Entered password.
2024-07-21 23:54:48 INFO  LoginPage:44 - Entered password.
2024-07-21 23:54:49 INFO  LoginPage:68 - Remember username checkbox selected.
2024-07-21 23:54:49 INFO  LoginPage:74 - Selected the remember username checkbox.
2024-07-21 23:54:51 INFO  LoginPage:62 - Clicked login button.
2024-07-21 23:54:51 INFO  LoginPage:56 - Clicked on the Login to Salesforce button.
2024-07-21 23:54:51 INFO  LoginPage:68 - Salesforce home page is displayed.
2024-07-21 23:54:51 ERROR TestListener:34 - Test failed: runScenario
2024-07-21 23:54:51 INFO  TestListener:24 - Starting test: runScenario
2024-07-21 23:54:54 INFO  LoginPage:26 - Navigated to URL: https://tekarch-7b-dev-ed.develop.my.salesforce.com
2024-07-21 23:54:54 INFO  LoginPage:86 - Clicked forgot password link.
2024-07-21 23:54:54 INFO  LoginPage:105 - Clicked on the Forgot Password link.
2024-07-21 23:54:54 INFO  LoginPage:111 - Salesforce forgot password page is displayed.
2024-07-21 23:54:54 ERROR TestListener:34 - Test failed: runScenario
2024-07-21 23:54:54 INFO  TestListener:24 - Starting test: runScenario
2024-07-21 23:54:57 INFO  LoginPage:26 - Navigated to URL: https://tekarch-7b-dev-ed.develop.my.salesforce.com
2024-07-21 23:54:57 INFO  LoginPage:50 - Entered username: 123
2024-07-21 23:54:57 INFO  LoginPage:141 - Entered invalid username<invalidusername>
2024-07-21 23:54:58 INFO  LoginPage:56 - Entered password.
2024-07-21 23:54:58 INFO  LoginPage:147 - Entered invalid password<invalidpassword>
2024-07-21 23:54:59 INFO  LoginPage:62 - Clicked login button.
2024-07-21 23:54:59 INFO  LoginPage:56 - Clicked on the Login to Salesforce button.
2024-07-21 23:54:59 INFO  LoginPage:74 - Error message displayed: Please check your username and password. If you still can't log in, contact your Salesforce administrator.
2024-07-21 23:54:59 INFO  LoginPage:62 - Error message displayed: Please check your username and password. If you still can't log in, contact your Salesforce administrator.
2024-07-21 23:55:00 INFO  TestListener:29 - Test passed: runScenario
2024-07-21 23:55:00 INFO  TestListener:19 - Finished test suite: Salesforce Tests
2024-07-21 23:59:20 INFO  TestListener:14 - Starting test suite: Salesforce Tests
2024-07-21 23:59:21 INFO  TestListener:24 - Starting test: runScenario
2024-07-21 23:59:26 INFO  LoginPage:28 - Navigated to URL: https://tekarch-7b-dev-ed.develop.my.salesforce.com
2024-07-21 23:59:26 INFO  LoginPage:34 - Salesforce application page is displayed.
2024-07-21 23:59:28 INFO  LoginPage:50 - Entered username: srujana@p.sandbox
2024-07-21 23:59:28 INFO  LoginPage:40 - Entered username: <username>
2024-07-21 23:59:28 INFO  LoginPage:56 - Entered password.
2024-07-21 23:59:28 INFO  LoginPage:52 - Cleared the password field.
2024-07-21 23:59:29 INFO  LoginPage:62 - Clicked login button.
2024-07-21 23:59:29 INFO  LoginPage:58 - Clicked on the Login to Salesforce button.
2024-07-21 23:59:29 INFO  LoginPage:74 - Error message displayed: Please enter your password.
2024-07-21 23:59:29 INFO  LoginPage:64 - Error message displayed: Please enter your password.
2024-07-21 23:59:29 INFO  TestListener:29 - Test passed: runScenario
2024-07-21 23:59:29 INFO  TestListener:24 - Starting test: runScenario
2024-07-21 23:59:32 INFO  LoginPage:28 - Navigated to URL: https://tekarch-7b-dev-ed.develop.my.salesforce.com
2024-07-21 23:59:32 INFO  LoginPage:34 - Salesforce application page is displayed.
2024-07-21 23:59:33 INFO  LoginPage:50 - Entered username: srujana@p.sandbox
2024-07-21 23:59:33 INFO  LoginPage:40 - Entered username: <username>
2024-07-21 23:59:34 INFO  LoginPage:56 - Entered password.
2024-07-21 23:59:34 INFO  LoginPage:46 - Entered password.
2024-07-21 23:59:35 INFO  LoginPage:62 - Clicked login button.
2024-07-21 23:59:35 INFO  LoginPage:58 - Clicked on the Login to Salesforce button.
2024-07-21 23:59:35 ERROR TestListener:34 - Test failed: runScenario
2024-07-21 23:59:35 INFO  TestListener:24 - Starting test: runScenario
2024-07-21 23:59:40 INFO  LoginPage:28 - Navigated to URL: https://tekarch-7b-dev-ed.develop.my.salesforce.com
2024-07-21 23:59:40 INFO  LoginPage:34 - Salesforce application page is displayed.
2024-07-21 23:59:41 INFO  LoginPage:50 - Entered username: srujana@p.sandbox
2024-07-21 23:59:41 INFO  LoginPage:40 - Entered username: <username>
2024-07-21 23:59:42 INFO  LoginPage:56 - Entered password.
2024-07-21 23:59:42 INFO  LoginPage:46 - Entered password.
2024-07-21 23:59:42 INFO  LoginPage:68 - Remember username checkbox selected.
2024-07-21 23:59:42 INFO  LoginPage:76 - Selected the remember username checkbox.
2024-07-21 23:59:44 INFO  LoginPage:62 - Clicked login button.
2024-07-21 23:59:44 INFO  LoginPage:58 - Clicked on the Login to Salesforce button.
2024-07-21 23:59:44 INFO  LoginPage:70 - Salesforce home page is displayed.
2024-07-21 23:59:44 INFO  LoginPage:32 - Clicked user menu dropdown.
2024-07-21 23:59:44 INFO  LoginPage:82 - Clicked on the user menu dropdown.
2024-07-21 23:59:45 INFO  LoginPage:37 - Clicked logout link.
2024-07-21 23:59:45 INFO  LoginPage:88 - Selected the logout link.
2024-07-21 23:59:46 INFO  LoginPage:52 - Username field value: null
2024-07-21 23:59:46 ERROR TestListener:34 - Test failed: runScenario
2024-07-21 23:59:46 INFO  TestListener:24 - Starting test: runScenario
2024-07-21 23:59:49 INFO  LoginPage:28 - Navigated to URL: https://tekarch-7b-dev-ed.develop.my.salesforce.com
2024-07-21 23:59:50 INFO  LoginPage:86 - Clicked forgot password link.
2024-07-21 23:59:50 INFO  LoginPage:107 - Clicked on the Forgot Password link.
2024-07-21 23:59:50 INFO  LoginPage:113 - Salesforce forgot password page is displayed.
2024-07-21 23:59:50 INFO  LoginPage:40 - Entered forgot password username: srujana@p.sandbox
2024-07-21 23:59:50 INFO  LoginPage:119 - Entered username in forgot password field: <username>
2024-07-21 23:59:50 INFO  LoginPage:46 - Clicked continue button.
2024-07-21 23:59:50 INFO  LoginPage:125 - Clicked on the Continue button.
2024-07-21 23:59:50 INFO  LoginPage:131 - Password reset message is displayed.
2024-07-21 23:59:50 INFO  LoginPage:137 - email should be sent to the email.
2024-07-21 23:59:50 INFO  TestListener:29 - Test passed: runScenario
2024-07-21 23:59:50 INFO  TestListener:24 - Starting test: runScenario
2024-07-21 23:59:53 INFO  LoginPage:28 - Navigated to URL: https://tekarch-7b-dev-ed.develop.my.salesforce.com
2024-07-21 23:59:54 INFO  LoginPage:50 - Entered username: 123
2024-07-21 23:59:54 INFO  LoginPage:143 - Entered invalid username<invalidusername>
2024-07-21 23:59:55 INFO  LoginPage:56 - Entered password.
2024-07-21 23:59:55 INFO  LoginPage:149 - Entered invalid password<invalidpassword>
2024-07-21 23:59:55 INFO  LoginPage:62 - Clicked login button.
2024-07-21 23:59:55 INFO  LoginPage:58 - Clicked on the Login to Salesforce button.
2024-07-21 23:59:55 INFO  LoginPage:74 - Error message displayed: Please check your username and password. If you still can't log in, contact your Salesforce administrator.
2024-07-21 23:59:55 INFO  LoginPage:64 - Error message displayed: Please check your username and password. If you still can't log in, contact your Salesforce administrator.
2024-07-21 23:59:55 INFO  TestListener:29 - Test passed: runScenario
2024-07-21 23:59:55 INFO  TestListener:19 - Finished test suite: Salesforce Tests
2024-07-22 00:02:16 INFO  TestListener:14 - Starting test suite: Salesforce Tests
2024-07-22 00:02:16 INFO  TestListener:24 - Starting test: runScenario
2024-07-22 00:02:23 INFO  LoginPage:28 - Navigated to URL: https://tekarch-7b-dev-ed.develop.my.salesforce.com
2024-07-22 00:02:23 INFO  LoginPage:34 - Salesforce application page is displayed.
2024-07-22 00:02:24 INFO  LoginPage:50 - Entered username: srujana@p.sandbox
2024-07-22 00:02:24 INFO  LoginPage:40 - Entered username: <username>
2024-07-22 00:02:25 INFO  LoginPage:56 - Entered password.
2024-07-22 00:02:25 INFO  LoginPage:52 - Cleared the password field.
2024-07-22 00:02:25 INFO  LoginPage:62 - Clicked login button.
2024-07-22 00:02:25 INFO  LoginPage:58 - Clicked on the Login to Salesforce button.
2024-07-22 00:02:26 INFO  LoginPage:74 - Error message displayed: Please enter your password.
2024-07-22 00:02:26 INFO  LoginPage:64 - Error message displayed: Please enter your password.
2024-07-22 00:02:26 INFO  TestListener:29 - Test passed: runScenario
2024-07-22 00:02:26 INFO  TestListener:24 - Starting test: runScenario
2024-07-22 00:02:30 INFO  LoginPage:28 - Navigated to URL: https://tekarch-7b-dev-ed.develop.my.salesforce.com
2024-07-22 00:02:30 INFO  LoginPage:34 - Salesforce application page is displayed.
2024-07-22 00:02:32 INFO  LoginPage:50 - Entered username: srujana@p.sandbox
2024-07-22 00:02:32 INFO  LoginPage:40 - Entered username: <username>
2024-07-22 00:02:32 INFO  LoginPage:56 - Entered password.
2024-07-22 00:02:32 INFO  LoginPage:46 - Entered password.
2024-07-22 00:02:33 INFO  LoginPage:62 - Clicked login button.
2024-07-22 00:02:33 INFO  LoginPage:58 - Clicked on the Login to Salesforce button.
2024-07-22 00:02:35 INFO  LoginPage:70 - Salesforce home page is displayed.
2024-07-22 00:02:36 INFO  TestListener:29 - Test passed: runScenario
2024-07-22 00:02:36 INFO  TestListener:24 - Starting test: runScenario
2024-07-22 00:02:39 INFO  LoginPage:28 - Navigated to URL: https://tekarch-7b-dev-ed.develop.my.salesforce.com
2024-07-22 00:02:39 INFO  LoginPage:34 - Salesforce application page is displayed.
2024-07-22 00:02:39 INFO  LoginPage:50 - Entered username: srujana@p.sandbox
2024-07-22 00:02:39 INFO  LoginPage:40 - Entered username: <username>
2024-07-22 00:02:41 INFO  LoginPage:56 - Entered password.
2024-07-22 00:02:41 INFO  LoginPage:46 - Entered password.
2024-07-22 00:02:41 INFO  LoginPage:68 - Remember username checkbox selected.
2024-07-22 00:02:41 INFO  LoginPage:76 - Selected the remember username checkbox.
2024-07-22 00:02:43 INFO  LoginPage:62 - Clicked login button.
2024-07-22 00:02:43 INFO  LoginPage:58 - Clicked on the Login to Salesforce button.
2024-07-22 00:02:43 INFO  LoginPage:70 - Salesforce home page is displayed.
2024-07-22 00:02:43 INFO  LoginPage:32 - Clicked user menu dropdown.
2024-07-22 00:02:43 INFO  LoginPage:82 - Clicked on the user menu dropdown.
2024-07-22 00:02:43 INFO  LoginPage:37 - Clicked logout link.
2024-07-22 00:02:43 INFO  LoginPage:88 - Selected the logout link.
2024-07-22 00:02:45 INFO  LoginPage:52 - Username field value: null
2024-07-22 00:02:45 ERROR TestListener:34 - Test failed: runScenario
2024-07-22 00:02:45 INFO  TestListener:24 - Starting test: runScenario
2024-07-22 00:02:48 INFO  LoginPage:28 - Navigated to URL: https://tekarch-7b-dev-ed.develop.my.salesforce.com
2024-07-22 00:02:49 INFO  LoginPage:86 - Clicked forgot password link.
2024-07-22 00:02:49 INFO  LoginPage:107 - Clicked on the Forgot Password link.
2024-07-22 00:02:49 INFO  LoginPage:113 - Salesforce forgot password page is displayed.
2024-07-22 00:02:49 INFO  LoginPage:40 - Entered forgot password username: srujana@p.sandbox
2024-07-22 00:02:49 INFO  LoginPage:119 - Entered username in forgot password field: <username>
2024-07-22 00:02:49 INFO  LoginPage:46 - Clicked continue button.
2024-07-22 00:02:49 INFO  LoginPage:125 - Clicked on the Continue button.
2024-07-22 00:02:49 INFO  LoginPage:131 - Password reset message is displayed.
2024-07-22 00:02:49 INFO  LoginPage:137 - email should be sent to the email.
2024-07-22 00:02:50 INFO  TestListener:29 - Test passed: runScenario
2024-07-22 00:02:50 INFO  TestListener:24 - Starting test: runScenario
2024-07-22 00:02:52 INFO  LoginPage:28 - Navigated to URL: https://tekarch-7b-dev-ed.develop.my.salesforce.com
2024-07-22 00:02:53 INFO  LoginPage:50 - Entered username: 123
2024-07-22 00:02:53 INFO  LoginPage:143 - Entered invalid username<invalidusername>
2024-07-22 00:02:54 INFO  LoginPage:56 - Entered password.
2024-07-22 00:02:54 INFO  LoginPage:149 - Entered invalid password<invalidpassword>
2024-07-22 00:02:54 INFO  LoginPage:62 - Clicked login button.
2024-07-22 00:02:54 INFO  LoginPage:58 - Clicked on the Login to Salesforce button.
2024-07-22 00:02:55 INFO  LoginPage:74 - Error message displayed: Please check your username and password. If you still can't log in, contact your Salesforce administrator.
2024-07-22 00:02:55 INFO  LoginPage:64 - Error message displayed: Please check your username and password. If you still can't log in, contact your Salesforce administrator.
2024-07-22 00:02:55 INFO  TestListener:29 - Test passed: runScenario
2024-07-22 00:02:55 INFO  TestListener:19 - Finished test suite: Salesforce Tests
2024-07-22 00:09:39 INFO  TestListener:14 - Starting test suite: Salesforce Tests
2024-07-22 00:09:40 INFO  TestListener:24 - Starting test: runScenario
2024-07-22 00:09:46 INFO  LoginPage:28 - Navigated to URL: https://tekarch-7b-dev-ed.develop.my.salesforce.com
2024-07-22 00:09:46 INFO  LoginPage:34 - Salesforce application page is displayed.
2024-07-22 00:09:48 INFO  LoginPage:52 - Entered username: srujana@p.sandbox
2024-07-22 00:09:48 INFO  LoginPage:40 - Entered username: <username>
2024-07-22 00:09:48 INFO  LoginPage:58 - Entered password.
2024-07-22 00:09:48 INFO  LoginPage:52 - Cleared the password field.
2024-07-22 00:09:49 INFO  LoginPage:64 - Clicked login button.
2024-07-22 00:09:49 INFO  LoginPage:58 - Clicked on the Login to Salesforce button.
2024-07-22 00:09:49 INFO  LoginPage:76 - Error message displayed: Please enter your password.
2024-07-22 00:09:49 INFO  LoginPage:64 - Error message displayed: Please enter your password.
2024-07-22 00:09:49 INFO  TestListener:29 - Test passed: runScenario
2024-07-22 00:09:49 INFO  TestListener:24 - Starting test: runScenario
2024-07-22 00:09:52 INFO  LoginPage:28 - Navigated to URL: https://tekarch-7b-dev-ed.develop.my.salesforce.com
2024-07-22 00:09:52 INFO  LoginPage:34 - Salesforce application page is displayed.
2024-07-22 00:09:53 INFO  LoginPage:52 - Entered username: srujana@p.sandbox
2024-07-22 00:09:53 INFO  LoginPage:40 - Entered username: <username>
2024-07-22 00:09:54 INFO  LoginPage:58 - Entered password.
2024-07-22 00:09:54 INFO  LoginPage:46 - Entered password.
2024-07-22 00:09:56 INFO  LoginPage:64 - Clicked login button.
2024-07-22 00:09:56 INFO  LoginPage:58 - Clicked on the Login to Salesforce button.
2024-07-22 00:09:56 INFO  LoginPage:70 - Salesforce home page is displayed.
2024-07-22 00:09:56 INFO  TestListener:29 - Test passed: runScenario
2024-07-22 00:09:56 INFO  TestListener:24 - Starting test: runScenario
2024-07-22 00:09:59 INFO  LoginPage:28 - Navigated to URL: https://tekarch-7b-dev-ed.develop.my.salesforce.com
2024-07-22 00:09:59 INFO  LoginPage:34 - Salesforce application page is displayed.
2024-07-22 00:09:59 INFO  LoginPage:52 - Entered username: srujana@p.sandbox
2024-07-22 00:09:59 INFO  LoginPage:40 - Entered username: <username>
2024-07-22 00:10:00 INFO  LoginPage:58 - Entered password.
2024-07-22 00:10:00 INFO  LoginPage:46 - Entered password.
2024-07-22 00:10:01 INFO  LoginPage:70 - Remember username checkbox selected.
2024-07-22 00:10:01 INFO  LoginPage:76 - Selected the remember username checkbox.
2024-07-22 00:10:03 INFO  LoginPage:64 - Clicked login button.
2024-07-22 00:10:03 INFO  LoginPage:58 - Clicked on the Login to Salesforce button.
2024-07-22 00:10:03 INFO  LoginPage:70 - Salesforce home page is displayed.
2024-07-22 00:10:03 INFO  LoginPage:32 - Clicked user menu dropdown.
2024-07-22 00:10:03 INFO  LoginPage:82 - Clicked on the user menu dropdown.
2024-07-22 00:10:03 INFO  LoginPage:37 - Clicked logout link.
2024-07-22 00:10:03 INFO  LoginPage:88 - Selected the logout link.
2024-07-22 00:10:05 INFO  LoginPage:94 - Username field value: null
2024-07-22 00:10:05 ERROR TestListener:34 - Test failed: runScenario
2024-07-22 00:10:05 INFO  TestListener:24 - Starting test: runScenario
2024-07-22 00:10:08 INFO  LoginPage:28 - Navigated to URL: https://tekarch-7b-dev-ed.develop.my.salesforce.com
2024-07-22 00:10:08 INFO  LoginPage:88 - Clicked forgot password link.
2024-07-22 00:10:08 INFO  LoginPage:107 - Clicked on the Forgot Password link.
2024-07-22 00:10:08 INFO  LoginPage:113 - Salesforce forgot password page is displayed.
2024-07-22 00:10:09 INFO  LoginPage:37 - Entered forgot password username: srujana@p.sandbox
2024-07-22 00:10:09 INFO  LoginPage:119 - Entered username in forgot password field: <username>
2024-07-22 00:10:09 INFO  LoginPage:43 - Clicked continue button.
2024-07-22 00:10:09 INFO  LoginPage:125 - Clicked on the Continue button.
2024-07-22 00:10:09 INFO  LoginPage:131 - Password reset message is displayed.
2024-07-22 00:10:09 INFO  LoginPage:137 - email should be sent to the email.
2024-07-22 00:10:09 INFO  TestListener:29 - Test passed: runScenario
2024-07-22 00:10:09 INFO  TestListener:24 - Starting test: runScenario
2024-07-22 00:10:12 INFO  LoginPage:28 - Navigated to URL: https://tekarch-7b-dev-ed.develop.my.salesforce.com
2024-07-22 00:10:12 INFO  LoginPage:52 - Entered username: 123
2024-07-22 00:10:12 INFO  LoginPage:143 - Entered invalid username<invalidusername>
2024-07-22 00:10:13 INFO  LoginPage:58 - Entered password.
2024-07-22 00:10:13 INFO  LoginPage:149 - Entered invalid password<invalidpassword>
2024-07-22 00:10:14 INFO  LoginPage:64 - Clicked login button.
2024-07-22 00:10:14 INFO  LoginPage:58 - Clicked on the Login to Salesforce button.
2024-07-22 00:10:14 INFO  LoginPage:76 - Error message displayed: Please check your username and password. If you still can't log in, contact your Salesforce administrator.
2024-07-22 00:10:14 INFO  LoginPage:64 - Error message displayed: Please check your username and password. If you still can't log in, contact your Salesforce administrator.
2024-07-22 00:10:15 INFO  TestListener:29 - Test passed: runScenario
2024-07-22 00:10:15 INFO  TestListener:19 - Finished test suite: Salesforce Tests
2024-07-22 00:15:27 INFO  TestListener:14 - Starting test suite: Salesforce Tests
2024-07-22 00:15:28 INFO  TestListener:24 - Starting test: runScenario
2024-07-22 00:15:34 INFO  LoginPage:28 - Navigated to URL: https://tekarch-7b-dev-ed.develop.my.salesforce.com
2024-07-22 00:15:34 INFO  LoginPage:34 - Salesforce application page is displayed.
2024-07-22 00:15:35 INFO  LoginPage:51 - Entered username: srujana@p.sandbox
2024-07-22 00:15:35 INFO  LoginPage:40 - Entered username: <username>
2024-07-22 00:15:35 INFO  LoginPage:57 - Entered password.
2024-07-22 00:15:35 INFO  LoginPage:52 - Cleared the password field.
2024-07-22 00:15:36 INFO  LoginPage:63 - Clicked login button.
2024-07-22 00:15:36 INFO  LoginPage:58 - Clicked on the Login to Salesforce button.
2024-07-22 00:15:36 INFO  LoginPage:75 - Error message displayed: Please enter your password.
2024-07-22 00:15:36 INFO  LoginPage:64 - Error message displayed: Please enter your password.
2024-07-22 00:15:37 INFO  TestListener:29 - Test passed: runScenario
2024-07-22 00:15:37 INFO  TestListener:24 - Starting test: runScenario
2024-07-22 00:15:40 INFO  LoginPage:28 - Navigated to URL: https://tekarch-7b-dev-ed.develop.my.salesforce.com
2024-07-22 00:15:40 INFO  LoginPage:34 - Salesforce application page is displayed.
2024-07-22 00:15:40 INFO  LoginPage:51 - Entered username: srujana@p.sandbox
2024-07-22 00:15:40 INFO  LoginPage:40 - Entered username: <username>
2024-07-22 00:15:41 INFO  LoginPage:57 - Entered password.
2024-07-22 00:15:41 INFO  LoginPage:46 - Entered password.
2024-07-22 00:15:44 INFO  LoginPage:63 - Clicked login button.
2024-07-22 00:15:44 INFO  LoginPage:58 - Clicked on the Login to Salesforce button.
2024-07-22 00:15:44 INFO  LoginPage:70 - Salesforce home page is displayed.
2024-07-22 00:15:44 INFO  TestListener:29 - Test passed: runScenario
2024-07-22 00:15:44 INFO  TestListener:24 - Starting test: runScenario
2024-07-22 00:15:47 INFO  LoginPage:28 - Navigated to URL: https://tekarch-7b-dev-ed.develop.my.salesforce.com
2024-07-22 00:15:47 INFO  LoginPage:34 - Salesforce application page is displayed.
2024-07-22 00:15:47 INFO  LoginPage:51 - Entered username: srujana@p.sandbox
2024-07-22 00:15:47 INFO  LoginPage:40 - Entered username: <username>
2024-07-22 00:15:48 INFO  LoginPage:57 - Entered password.
2024-07-22 00:15:48 INFO  LoginPage:46 - Entered password.
2024-07-22 00:15:48 INFO  LoginPage:69 - Remember username checkbox selected.
2024-07-22 00:15:48 INFO  LoginPage:76 - Selected the remember username checkbox.
2024-07-22 00:15:50 INFO  LoginPage:63 - Clicked login button.
2024-07-22 00:15:50 INFO  LoginPage:58 - Clicked on the Login to Salesforce button.
2024-07-22 00:15:50 INFO  LoginPage:70 - Salesforce home page is displayed.
2024-07-22 00:15:51 INFO  LoginPage:32 - Clicked user menu dropdown.
2024-07-22 00:15:51 INFO  LoginPage:82 - Clicked on the user menu dropdown.
2024-07-22 00:15:51 INFO  LoginPage:37 - Clicked logout link.
2024-07-22 00:15:51 INFO  LoginPage:88 - Selected the logout link.
2024-07-22 00:15:54 INFO  LoginPage:93 - Username field value: srujana@p.sandbox
2024-07-22 00:15:54 INFO  LoginPage:95 - Username field populated with: <username>
2024-07-22 00:15:54 INFO  LoginPage:81 - Remember username checkbox is checked: true
2024-07-22 00:15:54 INFO  LoginPage:101 - Remember username checkbox is checked.
2024-07-22 00:15:54 INFO  TestListener:29 - Test passed: runScenario
2024-07-22 00:15:54 INFO  TestListener:24 - Starting test: runScenario
2024-07-22 00:15:57 INFO  LoginPage:28 - Navigated to URL: https://tekarch-7b-dev-ed.develop.my.salesforce.com
2024-07-22 00:15:57 INFO  LoginPage:87 - Clicked forgot password link.
2024-07-22 00:15:57 INFO  LoginPage:107 - Clicked on the Forgot Password link.
2024-07-22 00:15:57 INFO  LoginPage:113 - Salesforce forgot password page is displayed.
2024-07-22 00:15:57 INFO  LoginPage:36 - Entered forgot password username: srujana@p.sandbox
2024-07-22 00:15:57 INFO  LoginPage:119 - Entered username in forgot password field: <username>
2024-07-22 00:15:58 INFO  LoginPage:42 - Clicked continue button.
2024-07-22 00:15:58 INFO  LoginPage:125 - Clicked on the Continue button.
2024-07-22 00:15:58 INFO  LoginPage:131 - Password reset message is displayed.
2024-07-22 00:15:58 INFO  LoginPage:137 - email should be sent to the email.
2024-07-22 00:15:58 INFO  TestListener:29 - Test passed: runScenario
2024-07-22 00:15:58 INFO  TestListener:24 - Starting test: runScenario
2024-07-22 00:16:00 INFO  LoginPage:28 - Navigated to URL: https://tekarch-7b-dev-ed.develop.my.salesforce.com
2024-07-22 00:16:01 INFO  LoginPage:51 - Entered username: 123
2024-07-22 00:16:01 INFO  LoginPage:143 - Entered invalid username<invalidusername>
2024-07-22 00:16:02 INFO  LoginPage:57 - Entered password.
2024-07-22 00:16:02 INFO  LoginPage:149 - Entered invalid password<invalidpassword>
2024-07-22 00:16:02 INFO  LoginPage:63 - Clicked login button.
2024-07-22 00:16:02 INFO  LoginPage:58 - Clicked on the Login to Salesforce button.
2024-07-22 00:16:03 INFO  LoginPage:75 - Error message displayed: Please check your username and password. If you still can't log in, contact your Salesforce administrator.
2024-07-22 00:16:03 INFO  LoginPage:64 - Error message displayed: Please check your username and password. If you still can't log in, contact your Salesforce administrator.
2024-07-22 00:16:03 INFO  TestListener:29 - Test passed: runScenario
2024-07-22 00:16:03 INFO  TestListener:19 - Finished test suite: Salesforce Tests
